<?xml version="1.0" encoding="UTF-8"?>
<testng-results skipped="0" failed="1" ignored="0" total="5" passed="4">
  <reporter-output>
  </reporter-output>
  <suite name="Default suite" duration-ms="100133" started-at="2021-10-15T01:56:28Z" finished-at="2021-10-15T01:58:08Z">
    <groups>
    </groups>
    <test name="Default test" duration-ms="100133" started-at="2021-10-15T01:56:28Z" finished-at="2021-10-15T01:58:08Z">
      <class name="com.testNgTestCases.TestNgClass4">
        <test-method status="PASS" signature="beforeSuite()[pri:0, instance:com.testNgTestCases.TestNgClass4@4dfa3a9d]" name="beforeSuite" is-config="true" duration-ms="26" started-at="2021-10-15T01:56:28Z" finished-at="2021-10-15T01:56:28Z">
          <reporter-output>
          </reporter-output>
        </test-method> <!-- beforeSuite -->
        <test-method status="PASS" signature="beforeTest()[pri:0, instance:com.testNgTestCases.TestNgClass4@4dfa3a9d]" name="beforeTest" is-config="true" duration-ms="8451" started-at="2021-10-15T01:56:28Z" finished-at="2021-10-15T01:56:36Z">
          <reporter-output>
          </reporter-output>
        </test-method> <!-- beforeTest -->
        <test-method status="PASS" signature="beforeClass()[pri:0, instance:com.testNgTestCases.TestNgClass4@4dfa3a9d]" name="beforeClass" is-config="true" duration-ms="0" started-at="2021-10-15T01:56:36Z" finished-at="2021-10-15T01:56:36Z">
          <reporter-output>
          </reporter-output>
        </test-method> <!-- beforeClass -->
        <test-method status="PASS" signature="beforeMethod()[pri:0, instance:com.testNgTestCases.TestNgClass4@4dfa3a9d]" name="beforeMethod" is-config="true" duration-ms="1" started-at="2021-10-15T01:56:36Z" finished-at="2021-10-15T01:56:36Z">
          <reporter-output>
          </reporter-output>
        </test-method> <!-- beforeMethod -->
        <test-method status="PASS" signature="validateGMOonlineLoadedSuccessfully()[pri:-1, instance:com.testNgTestCases.TestNgClass4@4dfa3a9d]" name="validateGMOonlineLoadedSuccessfully" duration-ms="198" started-at="2021-10-15T01:56:36Z" finished-at="2021-10-15T01:56:36Z">
          <reporter-output>
          </reporter-output>
        </test-method> <!-- validateGMOonlineLoadedSuccessfully -->
        <test-method status="PASS" signature="afterMethod()[pri:0, instance:com.testNgTestCases.TestNgClass4@4dfa3a9d]" name="afterMethod" is-config="true" duration-ms="0" started-at="2021-10-15T01:56:36Z" finished-at="2021-10-15T01:56:36Z">
          <reporter-output>
          </reporter-output>
        </test-method> <!-- afterMethod -->
        <test-method status="PASS" signature="beforeMethod()[pri:0, instance:com.testNgTestCases.TestNgClass4@4dfa3a9d]" name="beforeMethod" is-config="true" duration-ms="1" started-at="2021-10-15T01:56:36Z" finished-at="2021-10-15T01:56:36Z">
          <reporter-output>
          </reporter-output>
        </test-method> <!-- beforeMethod -->
        <test-method status="PASS" signature="ValidateOnLineCatalogLoadedSuccessfully()[pri:0, instance:com.testNgTestCases.TestNgClass4@4dfa3a9d]" name="ValidateOnLineCatalogLoadedSuccessfully" duration-ms="1520" started-at="2021-10-15T01:56:36Z" depends-on-methods="com.testNgTestCases.TestNgClass4.validateGMOonlineLoadedSuccessfully" finished-at="2021-10-15T01:56:38Z">
          <reporter-output>
          </reporter-output>
        </test-method> <!-- ValidateOnLineCatalogLoadedSuccessfully -->
        <test-method status="PASS" signature="afterMethod()[pri:0, instance:com.testNgTestCases.TestNgClass4@4dfa3a9d]" name="afterMethod" is-config="true" duration-ms="1" started-at="2021-10-15T01:56:38Z" finished-at="2021-10-15T01:56:38Z">
          <reporter-output>
          </reporter-output>
        </test-method> <!-- afterMethod -->
        <test-method status="PASS" signature="beforeMethod()[pri:0, instance:com.testNgTestCases.TestNgClass4@4dfa3a9d]" name="beforeMethod" is-config="true" duration-ms="1" started-at="2021-10-15T01:56:38Z" finished-at="2021-10-15T01:56:38Z">
          <reporter-output>
          </reporter-output>
        </test-method> <!-- beforeMethod -->
        <test-method status="FAIL" signature="ValidatePriceCalculationInPlaceorderPage()[pri:1, instance:com.testNgTestCases.TestNgClass4@4dfa3a9d]" name="ValidatePriceCalculationInPlaceorderPage" duration-ms="935" started-at="2021-10-15T01:56:38Z" depends-on-methods="com.testNgTestCases.TestNgClass4.ValidateOnLineCatalogLoadedSuccessfully" finished-at="2021-10-15T01:56:39Z">
          <exception class="java.lang.AssertionError">
            <message>
              <![CDATA[The following asserts failed:
expected [Place Orde] but found [Place Order]]]>
            </message>
            <full-stacktrace>
              <![CDATA[java.lang.AssertionError: The following asserts failed:
expected [Place Orde] but found [Place Order]
at org.testng.asserts.SoftAssert.assertAll(SoftAssert.java:43)
at com.testNgTestCases.TestNgClass4.ValidatePriceCalculationInPlaceorderPage(TestNgClass4.java:85)
at sun.reflect.NativeMethodAccessorImpl.invoke0(Native Method)
at sun.reflect.NativeMethodAccessorImpl.invoke(NativeMethodAccessorImpl.java:62)
at sun.reflect.DelegatingMethodAccessorImpl.invoke(DelegatingMethodAccessorImpl.java:43)
at java.lang.reflect.Method.invoke(Method.java:498)
at org.testng.internal.MethodInvocationHelper.invokeMethod(MethodInvocationHelper.java:124)
at org.testng.internal.Invoker.invokeMethod(Invoker.java:580)
at org.testng.internal.Invoker.invokeTestMethod(Invoker.java:716)
at org.testng.internal.Invoker.invokeTestMethods(Invoker.java:988)
at org.testng.internal.TestMethodWorker.invokeTestMethods(TestMethodWorker.java:125)
at org.testng.internal.TestMethodWorker.run(TestMethodWorker.java:109)
at org.testng.TestRunner.privateRun(TestRunner.java:648)
at org.testng.TestRunner.run(TestRunner.java:505)
at org.testng.SuiteRunner.runTest(SuiteRunner.java:455)
at org.testng.SuiteRunner.runSequentially(SuiteRunner.java:450)
at org.testng.SuiteRunner.privateRun(SuiteRunner.java:415)
at org.testng.SuiteRunner.run(SuiteRunner.java:364)
at org.testng.SuiteRunnerWorker.runSuite(SuiteRunnerWorker.java:52)
at org.testng.SuiteRunnerWorker.run(SuiteRunnerWorker.java:84)
at org.testng.TestNG.runSuitesSequentially(TestNG.java:1208)
at org.testng.TestNG.runSuitesLocally(TestNG.java:1137)
at org.testng.TestNG.runSuites(TestNG.java:1049)
at org.testng.TestNG.run(TestNG.java:1017)
at org.testng.remote.AbstractRemoteTestNG.run(AbstractRemoteTestNG.java:114)
at org.testng.remote.RemoteTestNG.initAndRun(RemoteTestNG.java:251)
at org.testng.remote.RemoteTestNG.main(RemoteTestNG.java:77)
]]>
            </full-stacktrace>
          </exception> <!-- java.lang.AssertionError -->
          <reporter-output>
          </reporter-output>
        </test-method> <!-- ValidatePriceCalculationInPlaceorderPage -->
        <test-method status="PASS" signature="afterMethod()[pri:0, instance:com.testNgTestCases.TestNgClass4@4dfa3a9d]" name="afterMethod" is-config="true" duration-ms="1" started-at="2021-10-15T01:56:39Z" finished-at="2021-10-15T01:56:39Z">
          <reporter-output>
          </reporter-output>
        </test-method> <!-- afterMethod -->
        <test-method status="PASS" signature="ValidateHandlingAlerts()[pri:2, instance:com.testNgTestCases.TestNgClass4@4dfa3a9d]" name="ValidateHandlingAlerts" duration-ms="11224" started-at="2021-10-15T01:56:39Z" finished-at="2021-10-15T01:56:50Z">
          <reporter-output>
          </reporter-output>
        </test-method> <!-- ValidateHandlingAlerts -->
        <test-method status="PASS" signature="beforeMethod()[pri:0, instance:com.testNgTestCases.TestNgClass4@4dfa3a9d]" name="beforeMethod" is-config="true" duration-ms="0" started-at="2021-10-15T01:56:39Z" finished-at="2021-10-15T01:56:39Z">
          <reporter-output>
          </reporter-output>
        </test-method> <!-- beforeMethod -->
        <test-method status="PASS" signature="afterMethod()[pri:0, instance:com.testNgTestCases.TestNgClass4@4dfa3a9d]" name="afterMethod" is-config="true" duration-ms="1" started-at="2021-10-15T01:56:50Z" finished-at="2021-10-15T01:56:50Z">
          <reporter-output>
          </reporter-output>
        </test-method> <!-- afterMethod -->
        <test-method status="PASS" signature="beforeMethod()[pri:0, instance:com.testNgTestCases.TestNgClass4@4dfa3a9d]" name="beforeMethod" is-config="true" duration-ms="0" started-at="2021-10-15T01:56:50Z" finished-at="2021-10-15T01:56:50Z">
          <reporter-output>
          </reporter-output>
        </test-method> <!-- beforeMethod -->
        <test-method status="PASS" signature="ValidtateHandlingOfFrames()[pri:3, instance:com.testNgTestCases.TestNgClass4@4dfa3a9d]" name="ValidtateHandlingOfFrames" duration-ms="77738" started-at="2021-10-15T01:56:50Z" finished-at="2021-10-15T01:58:08Z">
          <reporter-output>
          </reporter-output>
        </test-method> <!-- ValidtateHandlingOfFrames -->
        <test-method status="PASS" signature="afterClass()[pri:0, instance:com.testNgTestCases.TestNgClass4@4dfa3a9d]" name="afterClass" is-config="true" duration-ms="1" started-at="2021-10-15T01:58:08Z" finished-at="2021-10-15T01:58:08Z">
          <reporter-output>
          </reporter-output>
        </test-method> <!-- afterClass -->
        <test-method status="PASS" signature="afterMethod()[pri:0, instance:com.testNgTestCases.TestNgClass4@4dfa3a9d]" name="afterMethod" is-config="true" duration-ms="0" started-at="2021-10-15T01:58:08Z" finished-at="2021-10-15T01:58:08Z">
          <reporter-output>
          </reporter-output>
        </test-method> <!-- afterMethod -->
        <test-method status="PASS" signature="afterTest()[pri:0, instance:com.testNgTestCases.TestNgClass4@4dfa3a9d]" name="afterTest" is-config="true" duration-ms="0" started-at="2021-10-15T01:58:08Z" finished-at="2021-10-15T01:58:08Z">
          <reporter-output>
          </reporter-output>
        </test-method> <!-- afterTest -->
        <test-method status="PASS" signature="afterSuite()[pri:0, instance:com.testNgTestCases.TestNgClass4@4dfa3a9d]" name="afterSuite" is-config="true" duration-ms="2" started-at="2021-10-15T01:58:09Z" finished-at="2021-10-15T01:58:09Z">
          <reporter-output>
          </reporter-output>
        </test-method> <!-- afterSuite -->
      </class> <!-- com.testNgTestCases.TestNgClass4 -->
    </test> <!-- Default test -->
  </suite> <!-- Default suite -->
</testng-results>
